<?xml version="1.0" encoding="UTF-8"?>
<!-- Generated by org.testng.reporters.JUnitReportReporter -->
<testsuite hostname="abhishekp" name="com.task.NewTest" tests="1" failures="0" timestamp="13 Mar 2019 07:50:01 GMT" time="0.004" errors="0">
  <testcase name="f" time="0.004" classname="com.task.NewTest"/>
</testsuite> <!-- com.task.NewTest -->
